[main] INFO  com.ml.moneylion.screen.GNUSetupScreen  - GNU Welcome screen is displayed
[main] INFO  com.ml.moneylion.screen.GNUSetupScreen  - Setting GNU pre setup
[main] INFO  com.ml.moneylion.screen.GNUSetupScreen  - Selected USD radio button
[main] INFO  com.ml.moneylion.screen.GNUSetupScreen  - Selected Create default accounts radio button
[main] INFO  com.ml.moneylion.screen.GNUSetupScreen  - Selected Disable crash reports radio button
[main] INFO  com.ml.moneylion.screen.GNUSetupScreen  - GNU Welcome screen is displayed
[main] INFO  com.ml.moneylion.screen.GNUSetupScreen  - Setting GNU pre setup
[main] INFO  com.ml.moneylion.screen.GNUSetupScreen  - Selected USD radio button
[main] INFO  com.ml.moneylion.screen.GNUSetupScreen  - Selected Create default accounts radio button
[main] INFO  com.ml.moneylion.screen.GNUSetupScreen  - Selected Disable crash reports radio button
[main] INFO  com.ml.moneylion.screen.GNUSetupScreen  - GNU Welcome screen is displayed
[main] INFO  com.ml.moneylion.screen.GNUSetupScreen  - Setting GNU pre setup
[main] INFO  com.ml.moneylion.screen.GNUSetupScreen  - Selected USD radio button
[main] INFO  com.ml.moneylion.screen.GNUSetupScreen  - Selected Create default accounts radio button
[main] INFO  com.ml.moneylion.screen.GNUSetupScreen  - Selected Disable crash reports radio button
[main] INFO  com.ml.moneylion.screen.GNUSetupScreen  - Specific to real devices
[main] INFO  com.ml.moneylion.screen.GNUSetupScreen  - GNU Welcome screen is displayed
[main] INFO  com.ml.moneylion.screen.GNUSetupScreen  - Setting GNU pre setup
[main] INFO  com.ml.moneylion.screen.GNUSetupScreen  - Selected USD radio button
[main] INFO  com.ml.moneylion.screen.GNUSetupScreen  - Selected Create default accounts radio button
[main] INFO  com.ml.moneylion.screen.GNUSetupScreen  - Selected Disable crash reports radio button
[main] INFO  com.ml.moneylion.screen.GNUSetupScreen  - Specific to real devices
[main] INFO  com.ml.moneylion.screen.GNUSetupScreen  - GNU Welcome screen is displayed
[main] INFO  com.ml.moneylion.screen.GNUSetupScreen  - Setting GNU pre setup
[main] INFO  com.ml.moneylion.screen.GNUSetupScreen  - Selected USD radio button
[main] INFO  com.ml.moneylion.screen.GNUSetupScreen  - Selected Let me handle it radio button
[main] INFO  com.ml.moneylion.screen.GNUSetupScreen  - Selected Disable crash reports radio button
[main] INFO  com.ml.moneylion.screen.accounts.AccountsScreen  - Pre Setup is done successfully and accounts screen is displayed
[main] INFO  com.ml.moneylion.screen.GNUSetupScreen  -  GNU pre setup is completed
[main] INFO  com.ml.moneylion.screen.GNUSetupScreen  - GNU Welcome screen is displayed
[main] INFO  com.ml.moneylion.screen.GNUSetupScreen  - GNU Welcome screen is displayed
[main] INFO  com.ml.moneylion.screen.GNUSetupScreen  - GNU Welcome screen is displayed
[main] INFO  com.ml.moneylion.screen.GNUSetupScreen  - GNU Welcome screen is displayed
[main] INFO  com.ml.moneylion.screen.GNUSetupScreen  - GNU Welcome screen is displayed
[main] INFO  com.ml.moneylion.screen.GNUSetupScreen  - Setting GNU pre setup
[main] INFO  com.ml.moneylion.screen.GNUSetupScreen  - Selected USD radio button
[main] INFO  com.ml.moneylion.screen.GNUSetupScreen  - Selected Let me handle it radio button
[main] INFO  com.ml.moneylion.screen.GNUSetupScreen  - Selected Disable crash reports radio button
[main] INFO  com.ml.moneylion.screen.accounts.AccountsScreen  - Pre Setup is done successfully and accounts screen is displayed
[main] INFO  com.ml.moneylion.screen.GNUSetupScreen  -  GNU pre setup is completed
[main] INFO  com.ml.moneylion.screen.accounts.AccountsScreen  - Pre Setup is done successfully and accounts screen is displayed
[main] INFO  com.ml.moneylion.screen.accounts.AccountsScreen  - Clicked on Create Account button in accounts screen
[main] INFO  com.ml.moneylion.screen.accounts.CreateAccountScreen  - Create Account Screen is displayed
[main] INFO  com.ml.moneylion.screen.accounts.AccountsScreen  - Pre Setup is done successfully and accounts screen is displayed
[main] INFO  com.ml.moneylion.screen.accounts.AccountsScreen  - Account is available in alphanumeric123
[main] INFO  com.ml.moneylion.screen.GNUSetupScreen  - GNU Welcome screen is displayed
[main] INFO  com.ml.moneylion.screen.GNUSetupScreen  - Setting GNU pre setup
[main] INFO  com.ml.moneylion.screen.GNUSetupScreen  - Selected USD radio button
[main] INFO  com.ml.moneylion.screen.GNUSetupScreen  - Selected Let me handle it radio button
[main] INFO  com.ml.moneylion.screen.GNUSetupScreen  - Selected Disable crash reports radio button
[main] INFO  com.ml.moneylion.screen.accounts.AccountsScreen  - Pre Setup is done successfully and accounts screen is displayed
[main] INFO  com.ml.moneylion.screen.GNUSetupScreen  -  GNU pre setup is completed
[main] INFO  com.ml.moneylion.screen.accounts.AccountsScreen  - Pre Setup is done successfully and accounts screen is displayed
[main] INFO  com.ml.moneylion.screen.accounts.AccountsScreen  - Clicked on Create Account button in accounts screen
[main] INFO  com.ml.moneylion.screen.accounts.CreateAccountScreen  - Create Account Screen is displayed
[main] INFO  com.ml.moneylion.screen.accounts.AccountsScreen  - Pre Setup is done successfully and accounts screen is displayed
[main] INFO  com.ml.moneylion.screen.accounts.AccountsScreen  - Account is available in alphanumeric123
[main] INFO  com.ml.moneylion.screen.GNUSetupScreen  - GNU Welcome screen is displayed
[main] INFO  com.ml.moneylion.screen.GNUSetupScreen  - Setting GNU pre setup
[main] INFO  com.ml.moneylion.screen.GNUSetupScreen  - Selected USD radio button
[main] INFO  com.ml.moneylion.screen.GNUSetupScreen  - Selected Let me handle it radio button
[main] INFO  com.ml.moneylion.screen.GNUSetupScreen  - Selected Disable crash reports radio button
[main] INFO  com.ml.moneylion.screen.accounts.AccountsScreen  - Pre Setup is done successfully and accounts screen is displayed
[main] INFO  com.ml.moneylion.screen.GNUSetupScreen  -  GNU pre setup is completed
[main] INFO  com.ml.moneylion.screen.accounts.AccountsScreen  - Pre Setup is done successfully and accounts screen is displayed
[main] INFO  com.ml.moneylion.screen.accounts.AccountsScreen  - Clicked on Create Account button in accounts screen
[main] INFO  com.ml.moneylion.screen.accounts.CreateAccountScreen  - Create Account Screen is displayed
[main] INFO  com.ml.moneylion.screen.GNUSetupScreen  - GNU Welcome screen is displayed
[main] INFO  com.ml.moneylion.screen.GNUSetupScreen  - Setting GNU pre setup
[main] INFO  com.ml.moneylion.screen.GNUSetupScreen  - Selected USD radio button
[main] INFO  com.ml.moneylion.screen.GNUSetupScreen  - Selected Let me handle it radio button
[main] INFO  com.ml.moneylion.screen.GNUSetupScreen  - Selected Disable crash reports radio button
[main] INFO  com.ml.moneylion.screen.accounts.AccountsScreen  - Pre Setup is done successfully and accounts screen is displayed
[main] INFO  com.ml.moneylion.screen.GNUSetupScreen  -  GNU pre setup is completed
[main] INFO  com.ml.moneylion.screen.accounts.AccountsScreen  - Pre Setup is done successfully and accounts screen is displayed
[main] INFO  com.ml.moneylion.screen.accounts.AccountsScreen  - Clicked on Create Account button in accounts screen
[main] INFO  com.ml.moneylion.screen.accounts.CreateAccountScreen  - Create Account Screen is displayed
[main] INFO  com.ml.moneylion.screen.accounts.AccountsScreen  - Pre Setup is done successfully and accounts screen is displayed
[main] INFO  com.ml.moneylion.screen.accounts.AccountsScreen  - Account is available in alphanumeric123
[main] INFO  com.ml.moneylion.screen.GNUSetupScreen  - GNU Welcome screen is displayed
[main] INFO  com.ml.moneylion.screen.GNUSetupScreen  - GNU Welcome screen is displayed
[main] INFO  com.ml.moneylion.screen.GNUSetupScreen  - GNU Welcome screen is displayed
[main] INFO  com.ml.moneylion.screen.GNUSetupScreen  - Setting GNU pre setup
[main] INFO  com.ml.moneylion.screen.GNUSetupScreen  - Selected USD radio button
[main] INFO  com.ml.moneylion.screen.GNUSetupScreen  - Selected Let me handle it radio button
[main] INFO  com.ml.moneylion.screen.GNUSetupScreen  - Selected Disable crash reports radio button
[main] INFO  com.ml.moneylion.screen.accounts.AccountsScreen  - Pre Setup is done successfully and accounts screen is displayed
[main] INFO  com.ml.moneylion.screen.GNUSetupScreen  -  GNU pre setup is completed
[main] INFO  com.ml.moneylion.screen.accounts.AccountsScreen  - Pre Setup is done successfully and accounts screen is displayed
[main] INFO  com.ml.moneylion.screen.accounts.AccountsScreen  - Clicked on Create Account button in accounts screen
[main] INFO  com.ml.moneylion.screen.accounts.CreateAccountScreen  - Create Account Screen is displayed
[main] INFO  com.ml.moneylion.screen.GNUSetupScreen  - GNU Welcome screen is displayed
[main] INFO  com.ml.moneylion.screen.GNUSetupScreen  - Setting GNU pre setup
[main] INFO  com.ml.moneylion.screen.GNUSetupScreen  - Selected USD radio button
[main] INFO  com.ml.moneylion.screen.GNUSetupScreen  - Selected Let me handle it radio button
[main] INFO  com.ml.moneylion.screen.GNUSetupScreen  - Selected Disable crash reports radio button
[main] INFO  com.ml.moneylion.screen.accounts.AccountsScreen  - Pre Setup is done successfully and accounts screen is displayed
[main] INFO  com.ml.moneylion.screen.GNUSetupScreen  -  GNU pre setup is completed
[main] INFO  com.ml.moneylion.screen.accounts.AccountsScreen  - Pre Setup is done successfully and accounts screen is displayed
[main] INFO  com.ml.moneylion.screen.accounts.AccountsScreen  - Clicked on Create Account button in accounts screen
[main] INFO  com.ml.moneylion.screen.accounts.CreateAccountScreen  - Create Account Screen is displayed
[main] INFO  com.ml.moneylion.screen.accounts.AccountsScreen  - Pre Setup is done successfully and accounts screen is displayed
[main] INFO  com.ml.moneylion.screen.accounts.AccountsScreen  - Account is available in alphanumeric123
